0 silly argv {
0 silly argv   _: [ 'run' ],
0 silly argv   scope: '@mfmf/*',
0 silly argv   parallel: true,
0 silly argv   lernaVersion: '5.3.0',
0 silly argv   '$0': 'node_modules\\lerna\\cli.js',
0 silly argv   script: 'start'
0 silly argv }
1 notice cli v5.3.0
2 verbose rootPath D:\SOURCES\MFE
3 notice filter including "@mfmf/*"
4 info filter [ '@mfmf/*' ]
5 error Error: spawn ENAMETOOLONG
5 error     at ChildProcess.spawn (node:internal/child_process:413:11)
5 error     at spawn (node:child_process:700:9)
5 error     at D:\SOURCES\MFE\node_modules\nx\src\hasher\git-hasher.js:64:46
5 error     at Generator.next (<anonymous>)
5 error     at D:\SOURCES\MFE\node_modules\tslib\tslib.js:118:75
5 error     at new Promise (<anonymous>)
5 error     at Object.__awaiter (D:\SOURCES\MFE\node_modules\tslib\tslib.js:114:16)
5 error     at spawnProcess (D:\SOURCES\MFE\node_modules\nx\src\hasher\git-hasher.js:63:20)
5 error     at D:\SOURCES\MFE\node_modules\nx\src\hasher\git-hasher.js:35:66
